<?xml version="1.0" encoding="UTF-8"?>
<TestRun id="67e21d32-af36-4068-98c3-82ac815bd9c5" name="Jhonny@JHONNY-PC 2012-11-04 18:12:00" runUser="Jhonny-PC\Jhonny" xmlns="http://microsoft.com/schemas/VisualStudio/TeamTest/2010">
  <TestSettings name="Default Test Settings" id="d82b6cf2-e31e-4111-94c7-2e48f8d2703c">
    <Deployment runDeploymentRoot="Jhonny_JHONNY-PC 2012-11-04 18_12_00">
      <DeploymentItem filename="C:\Users\Jhonny\Documents\GitHub\pubnub-api\silverlight-part\PubNub-Messaging\bin\Debug\PubNub-Messaging.exe" />
    </Deployment>
    <Execution>
      <TestTypeSpecific />
      <AgentRule name="Execution Agents">
      </AgentRule>
    </Execution>
  </TestSettings>
  <Times creation="2012-11-04T18:12:00.5499560+02:00" queuing="2012-11-04T18:12:01.6340180+02:00" start="2012-11-04T18:12:01.7610253+02:00" finish="2012-11-04T18:12:42.0043011+02:00" />
  <ResultSummary outcome="Error">
    <Counters total="1" executed="1" error="0" failed="0" timeout="0" aborted="1" inconclusive="0" passedButRunAborted="0" notRunnable="0" notExecuted="0" disconnected="0" warning="0" passed="0" completed="0" inProgress="0" pending="0" />
    <RunInfos>
      <RunInfo computerName="JHONNY-PC" outcome="Error" timestamp="2012-11-04T18:12:42.0033011+02:00">
        <Text>Test host process exited unexpectedly.</Text>
      </RunInfo>
    </RunInfos>
  </ResultSummary>
  <TestDefinitions>
    <UnitTest name="ThenItShouldReturnReceivedMessage" storage="c:\users\jhonny\documents\github\pubnub-api\silverlight-part\pubnub-messaging.tests\bin\debug\pubnub-messaging.tests.dll" id="aa5ae936-4b91-7628-df52-dad043c5d2d0">
      <Execution id="f5f96555-7fd4-43d5-8184-a00e524b6c01" />
      <TestMethod codeBase="C:/Users/Jhonny/Documents/GitHub/pubnub-api/silverlight-part/PubNub-Messaging.Tests/bin/Debug/PubNub-Messaging.Tests.DLL" adapterTypeName="Microsoft.VisualStudio.TestTools.TestTypes.Unit.UnitTestAdapter, Microsoft.VisualStudio.QualityTools.Tips.UnitTest.Adapter, Version=10.0.0.0, Culture=neutral, PublicKeyToken=b03f5f7f11d50a3a" className="PubNub_Messaging.Tests.WhenSubscribedToAChannel, PubNub-Messaging.Tests, Version=1.0.0.0, Culture=neutral, PublicKeyToken=null" name="ThenItShouldReturnReceivedMessage" />
    </UnitTest>
  </TestDefinitions>
  <TestLists>
    <TestList name="Results Not in a List" id="8c84fa94-04c1-424b-9868-57a2d4851a1d" />
    <TestList name="All Loaded Results" id="19431567-8539-422a-85d7-44ee4e166bda" />
  </TestLists>
  <TestEntries>
    <TestEntry testId="aa5ae936-4b91-7628-df52-dad043c5d2d0" executionId="f5f96555-7fd4-43d5-8184-a00e524b6c01" testListId="8c84fa94-04c1-424b-9868-57a2d4851a1d" />
  </TestEntries>
  <Results>
    <UnitTestResult executionId="f5f96555-7fd4-43d5-8184-a00e524b6c01" testId="aa5ae936-4b91-7628-df52-dad043c5d2d0" testName="ThenItShouldReturnReceivedMessage" computerName="JHONNY-PC" duration="00:00:40.1202688" startTime="2012-11-04T18:12:01.8840323+02:00" endTime="2012-11-04T18:12:42.0043011+02:00" testType="13cdc9d9-ddb5-4fa4-a97d-d965ccfc6d4b" outcome="Aborted" testListId="8c84fa94-04c1-424b-9868-57a2d4851a1d" relativeResultsDirectory="f5f96555-7fd4-43d5-8184-a00e524b6c01">
    </UnitTestResult>
  </Results>
</TestRun>