<?xml version="1.0" encoding="UTF-8"?>
<TestRun id="6db61374-ca74-437a-84f4-da6ff66dc4a4" name="Jhonny@JHONNY-PC 2012-11-17 01:33:20" runUser="Jhonny-PC\Jhonny" xmlns="http://microsoft.com/schemas/VisualStudio/TeamTest/2010">
  <TestSettings name="Default Test Settings" id="75324400-8027-4287-b594-08d85309b545">
    <Deployment runDeploymentRoot="Jhonny_JHONNY-PC 2012-11-17 01_33_20">
      <DeploymentItem filename="C:\Users\Jhonny\Documents\GitHub\pubnub-api\silverlight-part\PubNub-Messaging\bin\Debug\Newtonsoft.Json.dll" />
      <DeploymentItem filename="C:\Users\Jhonny\Documents\GitHub\pubnub-api\silverlight-part\PubNub-Messaging\bin\Debug\PubNub-Messaging.exe" />
    </Deployment>
    <Execution>
      <TestTypeSpecific />
      <AgentRule name="Execution Agents">
      </AgentRule>
    </Execution>
  </TestSettings>
  <Times creation="2012-11-17T01:33:20.7130514+02:00" queuing="2012-11-17T01:33:23.3102000+02:00" start="2012-11-17T01:33:23.5902160+02:00" finish="2012-11-17T01:34:51.5152450+02:00" />
  <ResultSummary outcome="Error">
    <Counters total="1" executed="1" error="0" failed="0" timeout="0" aborted="1" inconclusive="0" passedButRunAborted="0" notRunnable="0" notExecuted="0" disconnected="0" warning="0" passed="0" completed="0" inProgress="0" pending="0" />
    <RunInfos>
      <RunInfo computerName="JHONNY-PC" outcome="Error" timestamp="2012-11-17T01:34:51.5102447+02:00">
        <Text>Test host process exited unexpectedly.</Text>
      </RunInfo>
    </RunInfos>
  </ResultSummary>
  <TestDefinitions>
    <UnitTest name="ThenSubscribeShouldReturnReceivedMessage" storage="c:\users\jhonny\documents\github\pubnub-api\silverlight-part\pubnub-messaging.tests\bin\debug\pubnub-messaging.tests.dll" id="2c0e4679-4702-fc4c-b17c-d5ac50275834">
      <Execution id="3e29b0a6-d326-4250-9df2-17b0c91ff481" />
      <TestMethod codeBase="C:/Users/Jhonny/Documents/GitHub/pubnub-api/silverlight-part/PubNub-Messaging.Tests/bin/Debug/PubNub-Messaging.Tests.DLL" adapterTypeName="Microsoft.VisualStudio.TestTools.TestTypes.Unit.UnitTestAdapter, Microsoft.VisualStudio.QualityTools.Tips.UnitTest.Adapter, Version=10.0.0.0, Culture=neutral, PublicKeyToken=b03f5f7f11d50a3a" className="PubNub_Messaging.Tests.WhenSubscribedToAChannel, PubNub-Messaging.Tests, Version=1.0.0.0, Culture=neutral, PublicKeyToken=null" name="ThenSubscribeShouldReturnReceivedMessage" />
    </UnitTest>
  </TestDefinitions>
  <TestLists>
    <TestList name="Results Not in a List" id="8c84fa94-04c1-424b-9868-57a2d4851a1d" />
    <TestList name="All Loaded Results" id="19431567-8539-422a-85d7-44ee4e166bda" />
  </TestLists>
  <TestEntries>
    <TestEntry testId="2c0e4679-4702-fc4c-b17c-d5ac50275834" executionId="3e29b0a6-d326-4250-9df2-17b0c91ff481" testListId="8c84fa94-04c1-424b-9868-57a2d4851a1d" />
  </TestEntries>
  <Results>
    <UnitTestResult executionId="3e29b0a6-d326-4250-9df2-17b0c91ff481" testId="2c0e4679-4702-fc4c-b17c-d5ac50275834" testName="ThenSubscribeShouldReturnReceivedMessage" computerName="JHONNY-PC" duration="00:01:27.7350181" startTime="2012-11-17T01:33:23.7802269+02:00" endTime="2012-11-17T01:34:51.5152450+02:00" testType="13cdc9d9-ddb5-4fa4-a97d-d965ccfc6d4b" outcome="Aborted" testListId="8c84fa94-04c1-424b-9868-57a2d4851a1d" relativeResultsDirectory="3e29b0a6-d326-4250-9df2-17b0c91ff481">
    </UnitTestResult>
  </Results>
</TestRun>